<?xml version="1.0" encoding="UTF-8"?>
<!-- Generated by org.testng.reporters.JUnitXMLReporter -->
<testsuite ignored="0" hostname="saurav_041" failures="4" tests="16" name="Test" time="237.983" errors="0" timestamp="2025-03-18T23:50:19 IST">
  <testcase classname="io.cucumber.testng.AbstractTestNGCucumberTests" name="runScenario" time="17.361"/>
  <testcase classname="io.cucumber.testng.AbstractTestNGCucumberTests" name="runScenario" time="10.313"/>
  <testcase classname="io.cucumber.testng.AbstractTestNGCucumberTests" name="runScenario" time="9.037"/>
  <testcase classname="io.cucumber.testng.AbstractTestNGCucumberTests" name="runScenario" time="13.237"/>
  <testcase classname="io.cucumber.testng.AbstractTestNGCucumberTests" name="runScenario" time="15.881"/>
  <testcase classname="io.cucumber.testng.AbstractTestNGCucumberTests" name="runScenario" time="16.16"/>
  <testcase classname="io.cucumber.testng.AbstractTestNGCucumberTests" name="runScenario" time="12.932">
    <failure type="java.lang.AssertionError" message="Error message is not displayed expected [Insufficient Balance.] but found [You successfully submitted your transaction.]">
      <![CDATA[java.lang.AssertionError: Error message is not displayed expected [Insufficient Balance.] but found [You successfully submitted your transaction.]
at com.zerobank.steps.FundTransferStepDefinition.error_should_be_displayed(FundTransferStepDefinition.java:127)
at ✽.Error "Insufficient Balance." should be displayed(file:///C:/Users/saura/OneDrive/Desktop/Wipro_Testing_Training/Project_Workspace/ZeroBank_Capstone_Project/src/test/resources/features/03_FundTransfer.feature:22)
... Removed 5 stack frames]]>
    </failure>
  </testcase> <!-- runScenario -->
  <testcase classname="io.cucumber.testng.AbstractTestNGCucumberTests" name="runScenario" time="14.914">
    <failure type="java.lang.AssertionError" message="Error message is not displayed expected [Invalid Amount.] but found [You successfully submitted your transaction.]">
      <![CDATA[java.lang.AssertionError: Error message is not displayed expected [Invalid Amount.] but found [You successfully submitted your transaction.]
at com.zerobank.steps.FundTransferStepDefinition.error_should_be_displayed(FundTransferStepDefinition.java:127)
at ✽.Error "Invalid Amount." should be displayed(file:///C:/Users/saura/OneDrive/Desktop/Wipro_Testing_Training/Project_Workspace/ZeroBank_Capstone_Project/src/test/resources/features/03_FundTransfer.feature:33)
... Removed 5 stack frames]]>
    </failure>
  </testcase> <!-- runScenario -->
  <testcase classname="io.cucumber.testng.AbstractTestNGCucumberTests" name="runScenario" time="14.82"/>
  <testcase classname="io.cucumber.testng.AbstractTestNGCucumberTests" name="runScenario" time="19.377"/>
  <testcase classname="io.cucumber.testng.AbstractTestNGCucumberTests" name="runScenario" time="15.287">
    <failure type="java.lang.AssertionError" message="Error message is not displayed expected [Amount field cannot be empty.] but found []">
      <![CDATA[java.lang.AssertionError: Error message is not displayed expected [Amount field cannot be empty.] but found []
at com.zerobank.steps.PayBillsStepDefinition.user_can_see_the_error(PayBillsStepDefinition.java:65)
at ✽.User can see the error "Amount field cannot be empty."(file:///C:/Users/saura/OneDrive/Desktop/Wipro_Testing_Training/Project_Workspace/ZeroBank_Capstone_Project/src/test/resources/features/04_PayBills.feature:23)
... Removed 5 stack frames]]>
    </failure>
  </testcase> <!-- runScenario -->
  <testcase classname="io.cucumber.testng.AbstractTestNGCucumberTests" name="runScenario" time="17.695"/>
  <testcase classname="io.cucumber.testng.AbstractTestNGCucumberTests" name="runScenario" time="15.189">
    <failure type="java.lang.AssertionError" message="Error message is not displayed expected [All fields are required.] but found []">
      <![CDATA[java.lang.AssertionError: Error message is not displayed expected [All fields are required.] but found []
at com.zerobank.steps.AddPayeeStepDefinition.user_can_see_the_error_meesage(AddPayeeStepDefinition.java:63)
at ✽.User can see the error meesage "All fields are required."(file:///C:/Users/saura/OneDrive/Desktop/Wipro_Testing_Training/Project_Workspace/ZeroBank_Capstone_Project/src/test/resources/features/05_AddPayee.feature:22)
... Removed 5 stack frames]]>
    </failure>
  </testcase> <!-- runScenario -->
  <testcase classname="io.cucumber.testng.AbstractTestNGCucumberTests" name="runScenario" time="17.916"/>
  <testcase classname="io.cucumber.testng.AbstractTestNGCucumberTests" name="runScenario" time="12.757"/>
  <testcase classname="io.cucumber.testng.AbstractTestNGCucumberTests" name="runScenario" time="13.444"/>
</testsuite> <!-- Test -->
