<html>
<head>
<title>TestNG:  Test</title>
<link href="../testng.css" rel="stylesheet" type="text/css" />
<link href="../my-testng.css" rel="stylesheet" type="text/css" />

<style type="text/css">
.log { display: none;} 
.stack-trace { display: none;} 
</style>
<script type="text/javascript">
<!--
function flip(e) {
  current = e.style.display;
  if (current == 'block') {
    e.style.display = 'none';
    return 0;
  }
  else {
    e.style.display = 'block';
    return 1;
  }
}

function toggleBox(szDivId, elem, msg1, msg2)
{
  var res = -1;  if (document.getElementById) {
    res = flip(document.getElementById(szDivId));
  }
  else if (document.all) {
    // this is the way old msie versions work
    res = flip(document.all[szDivId]);
  }
  if(elem) {
    if(res == 0) elem.innerHTML = msg1; else elem.innerHTML = msg2;
  }

}

function toggleAllBoxes() {
  if (document.getElementsByTagName) {
    d = document.getElementsByTagName('div');
    for (i = 0; i < d.length; i++) {
      if (d[i].className == 'log') {
        flip(d[i]);
      }
    }
  }
}

// -->
</script>

</head>
<body>
<h2 align='center'>Test</h2><table border='1' align="center">
<tr>
<td>Tests passed/Failed/Skipped:</td><td>12/4/0</td>
</tr><tr>
<td>Started on:</td><td>Sat Mar 22 16:58:58 IST 2025</td>
</tr>
<tr><td>Total time:</td><td>222 seconds (222132 ms)</td>
</tr><tr>
<td>Included groups:</td><td></td>
</tr><tr>
<td>Excluded groups:</td><td></td>
</tr>
</table><p/>
<small><i>(Hover the method name to see the test class name)</i></small><p/>
<table width='100%' border='1' class='invocation-failed'>
<tr><td colspan='4' align='center'><b>FAILED TESTS</b></td></tr>
<tr><td><b>Test method</b></td>
<td><b>Attribute(s)</b></td>
<td width="30%"><b>Exception</b></td>
<td width="10%"><b>Time (seconds)</b></td>
<td><b>Instance</b></td>
</tr>
<tr>
<td title='com.zerobank.runners.TestNGRunner.runScenario()'><b>runScenario</b><br>Test class: com.zerobank.runners.TestNGRunner<br>Test method: Runs Cucumber Scenarios<br>Parameters: "Fund Transfer with Insufficient Balance", "Verify that funds can be transferred between accounts."</td>
<td><div><pre>java.lang.AssertionError: Error message is not displayed expected [Insufficient Balance.] but found [You successfully submitted your transaction.]
	at com.zerobank.steps.FundTransferStepDefinition.error_should_be_displayed(FundTransferStepDefinition.java:127)
	at ✽.Error &quot;Insufficient Balance.&quot; should be displayed(file:///C:/Users/saura/OneDrive/Desktop/Wipro_Testing_Training/Project_Workspace/ZeroBank_Capstone_Project/src/test/resources/features/03_FundTransfer.feature:22)
... Removed 5 stack frames</pre></div><a href='#' onClick='toggleBox("stack-trace1681875321", this, "Click to show all stack frames", "Click to hide stack frames")'>Click to show all stack frames</a>
<div class='stack-trace' id='stack-trace1681875321'><pre>java.lang.AssertionError: Error message is not displayed expected [Insufficient Balance.] but found [You successfully submitted your transaction.]
	at org.testng.Assert.fail(Assert.java:111)
	at org.testng.Assert.failNotEquals(Assert.java:1578)
	at org.testng.Assert.assertEqualsImpl(Assert.java:150)
	at org.testng.Assert.assertEquals(Assert.java:132)
	at org.testng.Assert.assertEquals(Assert.java:656)
	at com.zerobank.steps.FundTransferStepDefinition.error_should_be_displayed(FundTransferStepDefinition.java:127)
	at ✽.Error &quot;Insufficient Balance.&quot; should be displayed(file:///C:/Users/saura/OneDrive/Desktop/Wipro_Testing_Training/Project_Workspace/ZeroBank_Capstone_Project/src/test/resources/features/03_FundTransfer.feature:22)
</pre></div></td>
<td>16</td>
<td>com.zerobank.runners.TestNGRunner@37858383</td></tr>
<tr>
<td title='com.zerobank.runners.TestNGRunner.runScenario()'><b>runScenario</b><br>Test class: com.zerobank.runners.TestNGRunner<br>Test method: Runs Cucumber Scenarios<br>Parameters: "Fund Transfer with Negative Amount", "Verify that funds can be transferred between accounts."</td>
<td><div><pre>java.lang.AssertionError: Error message is not displayed expected [Invalid Amount.] but found [You successfully submitted your transaction.]
	at com.zerobank.steps.FundTransferStepDefinition.error_should_be_displayed(FundTransferStepDefinition.java:127)
	at ✽.Error &quot;Invalid Amount.&quot; should be displayed(file:///C:/Users/saura/OneDrive/Desktop/Wipro_Testing_Training/Project_Workspace/ZeroBank_Capstone_Project/src/test/resources/features/03_FundTransfer.feature:33)
... Removed 5 stack frames</pre></div><a href='#' onClick='toggleBox("stack-trace1576422186", this, "Click to show all stack frames", "Click to hide stack frames")'>Click to show all stack frames</a>
<div class='stack-trace' id='stack-trace1576422186'><pre>java.lang.AssertionError: Error message is not displayed expected [Invalid Amount.] but found [You successfully submitted your transaction.]
	at org.testng.Assert.fail(Assert.java:111)
	at org.testng.Assert.failNotEquals(Assert.java:1578)
	at org.testng.Assert.assertEqualsImpl(Assert.java:150)
	at org.testng.Assert.assertEquals(Assert.java:132)
	at org.testng.Assert.assertEquals(Assert.java:656)
	at com.zerobank.steps.FundTransferStepDefinition.error_should_be_displayed(FundTransferStepDefinition.java:127)
	at ✽.Error &quot;Invalid Amount.&quot; should be displayed(file:///C:/Users/saura/OneDrive/Desktop/Wipro_Testing_Training/Project_Workspace/ZeroBank_Capstone_Project/src/test/resources/features/03_FundTransfer.feature:33)
</pre></div></td>
<td>13</td>
<td>com.zerobank.runners.TestNGRunner@37858383</td></tr>
<tr>
<td title='com.zerobank.runners.TestNGRunner.runScenario()'><b>runScenario</b><br>Test class: com.zerobank.runners.TestNGRunner<br>Test method: Runs Cucumber Scenarios<br>Parameters: "Missing Amount Bill Payment", "Verify bill payment functionalities."</td>
<td><div><pre>java.lang.AssertionError: Error message is not displayed expected [Amount field cannot be empty.] but found []
	at com.zerobank.steps.PayBillsStepDefinition.user_can_see_the_error(PayBillsStepDefinition.java:65)
	at ✽.User can see the error &quot;Amount field cannot be empty.&quot;(file:///C:/Users/saura/OneDrive/Desktop/Wipro_Testing_Training/Project_Workspace/ZeroBank_Capstone_Project/src/test/resources/features/04_PayBills.feature:23)
... Removed 5 stack frames</pre></div><a href='#' onClick='toggleBox("stack-trace896786845", this, "Click to show all stack frames", "Click to hide stack frames")'>Click to show all stack frames</a>
<div class='stack-trace' id='stack-trace896786845'><pre>java.lang.AssertionError: Error message is not displayed expected [Amount field cannot be empty.] but found []
	at org.testng.Assert.fail(Assert.java:111)
	at org.testng.Assert.failNotEquals(Assert.java:1578)
	at org.testng.Assert.assertEqualsImpl(Assert.java:150)
	at org.testng.Assert.assertEquals(Assert.java:132)
	at org.testng.Assert.assertEquals(Assert.java:656)
	at com.zerobank.steps.PayBillsStepDefinition.user_can_see_the_error(PayBillsStepDefinition.java:65)
	at ✽.User can see the error &quot;Amount field cannot be empty.&quot;(file:///C:/Users/saura/OneDrive/Desktop/Wipro_Testing_Training/Project_Workspace/ZeroBank_Capstone_Project/src/test/resources/features/04_PayBills.feature:23)
</pre></div></td>
<td>13</td>
<td>com.zerobank.runners.TestNGRunner@37858383</td></tr>
<tr>
<td title='com.zerobank.runners.TestNGRunner.runScenario()'><b>runScenario</b><br>Test class: com.zerobank.runners.TestNGRunner<br>Test method: Runs Cucumber Scenarios<br>Parameters: "Add Payee with Missing Details", "Verify adding a new payee functionality."</td>
<td><div><pre>java.lang.AssertionError: Error message is not displayed expected [All fields are required.] but found []
	at com.zerobank.steps.AddPayeeStepDefinition.user_can_see_the_error_meesage(AddPayeeStepDefinition.java:63)
	at ✽.User can see the error meesage &quot;All fields are required.&quot;(file:///C:/Users/saura/OneDrive/Desktop/Wipro_Testing_Training/Project_Workspace/ZeroBank_Capstone_Project/src/test/resources/features/05_AddPayee.feature:22)
... Removed 5 stack frames</pre></div><a href='#' onClick='toggleBox("stack-trace1998257621", this, "Click to show all stack frames", "Click to hide stack frames")'>Click to show all stack frames</a>
<div class='stack-trace' id='stack-trace1998257621'><pre>java.lang.AssertionError: Error message is not displayed expected [All fields are required.] but found []
	at org.testng.Assert.fail(Assert.java:111)
	at org.testng.Assert.failNotEquals(Assert.java:1578)
	at org.testng.Assert.assertEqualsImpl(Assert.java:150)
	at org.testng.Assert.assertEquals(Assert.java:132)
	at org.testng.Assert.assertEquals(Assert.java:656)
	at com.zerobank.steps.AddPayeeStepDefinition.user_can_see_the_error_meesage(AddPayeeStepDefinition.java:63)
	at ✽.User can see the error meesage &quot;All fields are required.&quot;(file:///C:/Users/saura/OneDrive/Desktop/Wipro_Testing_Training/Project_Workspace/ZeroBank_Capstone_Project/src/test/resources/features/05_AddPayee.feature:22)
</pre></div></td>
<td>17</td>
<td>com.zerobank.runners.TestNGRunner@37858383</td></tr>
</table><p>
<table width='100%' border='1' class='invocation-passed'>
<tr><td colspan='4' align='center'><b>PASSED TESTS</b></td></tr>
<tr><td><b>Test method</b></td>
<td><b>Attribute(s)</b></td>
<td width="30%"><b>Exception</b></td>
<td width="10%"><b>Time (seconds)</b></td>
<td><b>Instance</b></td>
</tr>
<tr>
<td title='com.zerobank.runners.TestNGRunner.runScenario()'><b>runScenario</b><br>Test class: com.zerobank.runners.TestNGRunner<br>Test method: Runs Cucumber Scenarios<br>Parameters: "Validate Account Types", "Verify the correctness of account details displayed"</td>
<td></td>
<td>17</td>
<td>com.zerobank.runners.TestNGRunner@37858383</td></tr>
<tr>
<td title='com.zerobank.runners.TestNGRunner.runScenario()'><b>runScenario</b><br>Test class: com.zerobank.runners.TestNGRunner<br>Test method: Runs Cucumber Scenarios<br>Parameters: "Successful Login", "Login to Zero Bank"</td>
<td></td>
<td>16</td>
<td>com.zerobank.runners.TestNGRunner@37858383</td></tr>
<tr>
<td title='com.zerobank.runners.TestNGRunner.runScenario()'><b>runScenario</b><br>Test class: com.zerobank.runners.TestNGRunner<br>Test method: Runs Cucumber Scenarios<br>Parameters: "Successful Bill Payment", "Verify bill payment functionalities."</td>
<td></td>
<td>14</td>
<td>com.zerobank.runners.TestNGRunner@37858383</td></tr>
<tr>
<td title='com.zerobank.runners.TestNGRunner.runScenario()'><b>runScenario</b><br>Test class: com.zerobank.runners.TestNGRunner<br>Test method: Runs Cucumber Scenarios<br>Parameters: "Invalid Credentials", "Login to Zero Bank"</td>
<td></td>
<td>6</td>
<td>com.zerobank.runners.TestNGRunner@37858383</td></tr>
<tr>
<td title='com.zerobank.runners.TestNGRunner.runScenario()'><b>runScenario</b><br>Test class: com.zerobank.runners.TestNGRunner<br>Test method: Runs Cucumber Scenarios<br>Parameters: "Successful Bill Payment", "Verify bill payment functionalities."</td>
<td></td>
<td>13</td>
<td>com.zerobank.runners.TestNGRunner@37858383</td></tr>
<tr>
<td title='com.zerobank.runners.TestNGRunner.runScenario()'><b>runScenario</b><br>Test class: com.zerobank.runners.TestNGRunner<br>Test method: Runs Cucumber Scenarios<br>Parameters: "Successfully Add a New Payee", "Verify adding a new payee functionality."</td>
<td></td>
<td>13</td>
<td>com.zerobank.runners.TestNGRunner@37858383</td></tr>
<tr>
<td title='com.zerobank.runners.TestNGRunner.runScenario()'><b>runScenario</b><br>Test class: com.zerobank.runners.TestNGRunner<br>Test method: Runs Cucumber Scenarios<br>Parameters: "Verify Session Expiry After Logout", ": Ensure users can log out securely."</td>
<td></td>
<td>11</td>
<td>com.zerobank.runners.TestNGRunner@37858383</td></tr>
<tr>
<td title='com.zerobank.runners.TestNGRunner.runScenario()'><b>runScenario</b><br>Test class: com.zerobank.runners.TestNGRunner<br>Test method: Runs Cucumber Scenarios<br>Parameters: "Download Account Statement", "Verify that account statements can be downloaded."</td>
<td></td>
<td>18</td>
<td>com.zerobank.runners.TestNGRunner@37858383</td></tr>
<tr>
<td title='com.zerobank.runners.TestNGRunner.runScenario()'><b>runScenario</b><br>Test class: com.zerobank.runners.TestNGRunner<br>Test method: Runs Cucumber Scenarios<br>Parameters: "Logout Successfully", ": Ensure users can log out securely."</td>
<td></td>
<td>12</td>
<td>com.zerobank.runners.TestNGRunner@37858383</td></tr>
<tr>
<td title='com.zerobank.runners.TestNGRunner.runScenario()'><b>runScenario</b><br>Test class: com.zerobank.runners.TestNGRunner<br>Test method: Runs Cucumber Scenarios<br>Parameters: "Missing Credentials", "Login to Zero Bank"</td>
<td></td>
<td>6</td>
<td>com.zerobank.runners.TestNGRunner@37858383</td></tr>
<tr>
<td title='com.zerobank.runners.TestNGRunner.runScenario()'><b>runScenario</b><br>Test class: com.zerobank.runners.TestNGRunner<br>Test method: Runs Cucumber Scenarios<br>Parameters: "Account Summary Page Loads Correctly", "Verify the correctness of account details displayed"</td>
<td></td>
<td>13</td>
<td>com.zerobank.runners.TestNGRunner@37858383</td></tr>
<tr>
<td title='com.zerobank.runners.TestNGRunner.runScenario()'><b>runScenario</b><br>Test class: com.zerobank.runners.TestNGRunner<br>Test method: Runs Cucumber Scenarios<br>Parameters: "Successful Fund Transfer", "Verify that funds can be transferred between accounts."</td>
<td></td>
<td>14</td>
<td>com.zerobank.runners.TestNGRunner@37858383</td></tr>
</table><p>
</body>
</html>