{"uuid":"579a79d9-26bb-4921-87e9-a894f8a1e3ae","historyId":"2425fe5af983ca1193d368617cd58dd8","testCaseId":"5f9d613a19aa78d72275d038f78e0099","fullName":"src/test/resources/features/06_AccountStatement.feature:15","labels":[{"name":"tag","value":"accountStatement"},{"name":"host","value":"saurav_041"},{"name":"thread","value":"36468@saurav_041.main(1)"},{"name":"feature","value":"Verify that account statements can be downloaded."},{"name":"story","value":"Download Account Statement"},{"name":"suite","value":"Verify that account statements can be downloaded."},{"name":"testClass","value":"Download Account Statement"},{"name":"framework","value":"cucumber4jvm"},{"name":"language","value":"java"},{"name":"gherkin_uri","value":"file:///C:/Users/saura/OneDrive/Desktop/Wipro_Testing_Training/Project_Workspace/ZeroBank_Capstone_Project/src/test/resources/features/06_AccountStatement.feature"},{"name":"package","value":"src.test.resources.features.06_AccountStatement_feature.Verify that account statements can be downloaded."}],"links":[],"name":"Download Account Statement","status":"broken","statusDetails":{"known":false,"muted":false,"flaky":false,"message":"Expected condition failed: waiting for visibility of element located by By.xpath: //a[text()='2010.0'] (tried for 20 second(s) with 500 milliseconds interval)\nBuild info: version: '4.28.1', revision: '73f5ad48a2'\nSystem info: os.name: 'Windows 11', os.arch: 'amd64', os.version: '10.0', java.version: '23.0.2'\nDriver info: org.openqa.selenium.edge.EdgeDriver\nCapabilities {acceptInsecureCerts: false, browserName: MicrosoftEdge, browserVersion: 134.0.3124.72, fedcm:accounts: true, ms:edgeOptions: {debuggerAddress: localhost:49322}, msedge: {msedgedriverVersion: 134.0.3124.72 (c81e2c3854de..., userDataDir: C:\\Users\\saura\\AppData\\Loca...}, networkConnectionEnabled: false, pageLoadStrategy: normal, platformName: windows, proxy: Proxy(), se:cdp: ws://localhost:49322/devtoo..., se:cdpVersion: 134.0.3124.72, setWindowRect: true, strictFileInteractability: false, timeouts: {implicit: 0, pageLoad: 300000, script: 30000}, unhandledPromptBehavior: dismiss and notify, webauthn:extension:credBlob: true, webauthn:extension:largeBlob: true, webauthn:extension:minPinLength: true, webauthn:extension:prf: true, webauthn:virtualAuthenticators: true}\nSession ID: 7b45c5d2c8e56b707bd9714c589a921c","trace":"org.openqa.selenium.TimeoutException: Expected condition failed: waiting for visibility of element located by By.xpath: //a[text()='2010.0'] (tried for 20 second(s) with 500 milliseconds interval)\nBuild info: version: '4.28.1', revision: '73f5ad48a2'\nSystem info: os.name: 'Windows 11', os.arch: 'amd64', os.version: '10.0', java.version: '23.0.2'\nDriver info: org.openqa.selenium.edge.EdgeDriver\nCapabilities {acceptInsecureCerts: false, browserName: MicrosoftEdge, browserVersion: 134.0.3124.72, fedcm:accounts: true, ms:edgeOptions: {debuggerAddress: localhost:49322}, msedge: {msedgedriverVersion: 134.0.3124.72 (c81e2c3854de..., userDataDir: C:\\Users\\saura\\AppData\\Loca...}, networkConnectionEnabled: false, pageLoadStrategy: normal, platformName: windows, proxy: Proxy(), se:cdp: ws://localhost:49322/devtoo..., se:cdpVersion: 134.0.3124.72, setWindowRect: true, strictFileInteractability: false, timeouts: {implicit: 0, pageLoad: 300000, script: 30000}, unhandledPromptBehavior: dismiss and notify, webauthn:extension:credBlob: true, webauthn:extension:largeBlob: true, webauthn:extension:minPinLength: true, webauthn:extension:prf: true, webauthn:virtualAuthenticators: true}\nSession ID: 7b45c5d2c8e56b707bd9714c589a921c\r\n\tat org.openqa.selenium.support.ui.WebDriverWait.timeoutException(WebDriverWait.java:84)\r\n\tat org.openqa.selenium.support.ui.FluentWait.until(FluentWait.java:228)\r\n\tat com.zerobank.pages.AccountStatementPage.selectYear(AccountStatementPage.java:51)\r\n\tat com.zerobank.steps.AccountStatementStepDefintion.selects_an_account_year_and_a_pdf_to_download(AccountStatementStepDefintion.java:27)\r\n\tat ✽.selects an account \"Savings\" and year 2010.0(file:///C:/Users/saura/OneDrive/Desktop/Wipro_Testing_Training/Project_Workspace/ZeroBank_Capstone_Project/src/test/resources/features/06_AccountStatement.feature:9)\r\n"},"stage":"finished","steps":[{"name":"Given User should be logged in with \"username\" and \"password\"","status":"passed","statusDetails":{"known":false,"muted":false,"flaky":false},"stage":"finished","steps":[],"attachments":[],"parameters":[],"start":1742535603330,"stop":1742535606735},{"name":"When User navigates to the online statement section","status":"passed","statusDetails":{"known":false,"muted":false,"flaky":false},"stage":"finished","steps":[],"attachments":[],"parameters":[],"start":1742535606743,"stop":1742535608081},{"name":"And selects an account \"Savings\" and year 2010.0","status":"broken","statusDetails":{"known":false,"muted":false,"flaky":false,"message":"Expected condition failed: waiting for visibility of element located by By.xpath: //a[text()='2010.0'] (tried for 20 second(s) with 500 milliseconds interval)\nBuild info: version: '4.28.1', revision: '73f5ad48a2'\nSystem info: os.name: 'Windows 11', os.arch: 'amd64', os.version: '10.0', java.version: '23.0.2'\nDriver info: org.openqa.selenium.edge.EdgeDriver\nCapabilities {acceptInsecureCerts: false, browserName: MicrosoftEdge, browserVersion: 134.0.3124.72, fedcm:accounts: true, ms:edgeOptions: {debuggerAddress: localhost:49322}, msedge: {msedgedriverVersion: 134.0.3124.72 (c81e2c3854de..., userDataDir: C:\\Users\\saura\\AppData\\Loca...}, networkConnectionEnabled: false, pageLoadStrategy: normal, platformName: windows, proxy: Proxy(), se:cdp: ws://localhost:49322/devtoo..., se:cdpVersion: 134.0.3124.72, setWindowRect: true, strictFileInteractability: false, timeouts: {implicit: 0, pageLoad: 300000, script: 30000}, unhandledPromptBehavior: dismiss and notify, webauthn:extension:credBlob: true, webauthn:extension:largeBlob: true, webauthn:extension:minPinLength: true, webauthn:extension:prf: true, webauthn:virtualAuthenticators: true}\nSession ID: 7b45c5d2c8e56b707bd9714c589a921c","trace":"org.openqa.selenium.TimeoutException: Expected condition failed: waiting for visibility of element located by By.xpath: //a[text()='2010.0'] (tried for 20 second(s) with 500 milliseconds interval)\nBuild info: version: '4.28.1', revision: '73f5ad48a2'\nSystem info: os.name: 'Windows 11', os.arch: 'amd64', os.version: '10.0', java.version: '23.0.2'\nDriver info: org.openqa.selenium.edge.EdgeDriver\nCapabilities {acceptInsecureCerts: false, browserName: MicrosoftEdge, browserVersion: 134.0.3124.72, fedcm:accounts: true, ms:edgeOptions: {debuggerAddress: localhost:49322}, msedge: {msedgedriverVersion: 134.0.3124.72 (c81e2c3854de..., userDataDir: C:\\Users\\saura\\AppData\\Loca...}, networkConnectionEnabled: false, pageLoadStrategy: normal, platformName: windows, proxy: Proxy(), se:cdp: ws://localhost:49322/devtoo..., se:cdpVersion: 134.0.3124.72, setWindowRect: true, strictFileInteractability: false, timeouts: {implicit: 0, pageLoad: 300000, script: 30000}, unhandledPromptBehavior: dismiss and notify, webauthn:extension:credBlob: true, webauthn:extension:largeBlob: true, webauthn:extension:minPinLength: true, webauthn:extension:prf: true, webauthn:virtualAuthenticators: true}\nSession ID: 7b45c5d2c8e56b707bd9714c589a921c\r\n\tat org.openqa.selenium.support.ui.WebDriverWait.timeoutException(WebDriverWait.java:84)\r\n\tat org.openqa.selenium.support.ui.FluentWait.until(FluentWait.java:228)\r\n\tat com.zerobank.pages.AccountStatementPage.selectYear(AccountStatementPage.java:51)\r\n\tat com.zerobank.steps.AccountStatementStepDefintion.selects_an_account_year_and_a_pdf_to_download(AccountStatementStepDefintion.java:27)\r\n\tat ✽.selects an account \"Savings\" and year 2010.0(file:///C:/Users/saura/OneDrive/Desktop/Wipro_Testing_Training/Project_Workspace/ZeroBank_Capstone_Project/src/test/resources/features/06_AccountStatement.feature:9)\r\n"},"stage":"finished","steps":[],"attachments":[],"parameters":[],"start":1742535608081,"stop":1742535628577},{"name":"And clicks on the pdf \"Statement 01/12/10(57K)\" to download","status":"skipped","statusDetails":{"known":false,"muted":false,"flaky":false},"stage":"finished","steps":[],"attachments":[],"parameters":[],"start":1742535628577,"stop":1742535628577},{"name":"Then the pdf \"8534567-05-12-11.pdf\" should be downloaded successfully","status":"skipped","statusDetails":{"known":false,"muted":false,"flaky":false},"stage":"finished","steps":[],"attachments":[],"parameters":[],"start":1742535628577,"stop":1742535628585}],"attachments":[],"parameters":[{"name":"Account","value":"Savings"},{"name":"Year","value":"2010.0"},{"name":"PDF","value":"Statement 01/12/10(57K)"},{"name":"PDF Name","value":"8534567-05-12-11.pdf"}],"start":1742535596034,"stop":1742535628818}